This file contains any messages produced by compilers while
running configure, to aid debugging if configure makes a mistake.

It was created by configure, which was
generated by GNU Autoconf 2.61.  Invocation command line was

  $ ./configure --prefix=/usr

## --------- ##
## Platform. ##
## --------- ##

hostname = Sameer-Sethis-MacBook-Pro.local
uname -m = i386
uname -r = 10.8.0
uname -s = Darwin
uname -v = Darwin Kernel Version 10.8.0: Tue Jun  7 16:33:36 PDT 2011; root:xnu-1504.15.3~1/RELEASE_I386

/usr/bin/uname -p = i386
/bin/uname -X     = unknown

/bin/arch              = unknown
/usr/bin/arch -k       = unknown
/usr/convex/getsysinfo = unknown
/usr/bin/hostinfo      = Mach kernel version:
	 Darwin Kernel Version 10.8.0: Tue Jun  7 16:33:36 PDT 2011; root:xnu-1504.15.3~1/RELEASE_I386
Kernel configured for up to 2 processors.
2 processors are physically available.
2 processors are logically available.
Processor type: i486 (Intel 80486)
Processors active: 0 1
Primary memory available: 4.00 gigabytes
Default processor set: 65 tasks, 285 threads, 2 processors
Load average: 1.85, Mach factor: 0.82
/bin/machine           = unknown
/usr/bin/oslevel       = unknown
/bin/universe          = unknown

PATH: /opt/iOSOpenDev/bin
PATH: /opt/local/bin
PATH: /opt/local/sbin
PATH: /opt/local/bin
PATH: /opt/local/sbin
PATH: /opt/local/bin
PATH: /opt/local/sbin
PATH: /usr/bin
PATH: /bin
PATH: /usr/sbin
PATH: /sbin
PATH: /usr/local/bin
PATH: /usr/X11/bin


## ----------- ##
## Core tests. ##
## ----------- ##

configure:1990: checking for pkg-config
configure:2008: found /opt/local/bin/pkg-config
configure:2020: result: /opt/local/bin/pkg-config
configure:2049: checking pkg-config is at least version 0.9.0
configure:2052: result: yes
configure:2115: checking for gcc
configure:2131: found /usr/bin/gcc
configure:2142: result: gcc
configure:2380: checking for C compiler version
configure:2387: gcc --version >&5
i686-apple-darwin10-gcc-4.2.1 (GCC) 4.2.1 (Apple Inc. build 5664)
Copyright (C) 2007 Free Software Foundation, Inc.
This is free software; see the source for copying conditions.  There is NO
warranty; not even for MERCHANTABILITY or FITNESS FOR A PARTICULAR PURPOSE.

configure:2390: $? = 0
configure:2397: gcc -v >&5
Using built-in specs.
Target: i686-apple-darwin10
Configured with: /var/tmp/gcc/gcc-5664~89/src/configure --disable-checking --enable-werror --prefix=/usr --mandir=/share/man --enable-languages=c,objc,c++,obj-c++ --program-transform-name=/^[cg][^.-]*$/s/$/-4.2/ --with-slibdir=/usr/lib --build=i686-apple-darwin10 --program-prefix=i686-apple-darwin10- --host=x86_64-apple-darwin10 --target=i686-apple-darwin10 --with-gxx-include-dir=/include/c++/4.2.1
Thread model: posix
gcc version 4.2.1 (Apple Inc. build 5664)
configure:2400: $? = 0
configure:2407: gcc -V >&5
gcc-4.2: argument to `-V' is missing
configure:2410: $? = 1
configure:2433: checking for C compiler default output file name
configure:2460: gcc    conftest.c  >&5
configure:2463: $? = 0
configure:2501: result: a.out
configure:2518: checking whether the C compiler works
configure:2528: ./a.out
configure:2531: $? = 0
configure:2548: result: yes
configure:2555: checking whether we are cross compiling
configure:2557: result: no
configure:2560: checking for suffix of executables
configure:2567: gcc -o conftest    conftest.c  >&5
configure:2570: $? = 0
configure:2594: result: 
configure:2600: checking for suffix of object files
configure:2626: gcc -c   conftest.c >&5
configure:2629: $? = 0
configure:2652: result: o
configure:2656: checking whether we are using the GNU C compiler
configure:2685: gcc -c   conftest.c >&5
configure:2691: $? = 0
configure:2708: result: yes
configure:2713: checking whether gcc accepts -g
configure:2743: gcc -c -g  conftest.c >&5
configure:2749: $? = 0
configure:2848: result: yes
configure:2865: checking for gcc option to accept ISO C89
configure:2939: gcc  -c -g -O2  conftest.c >&5
configure:2945: $? = 0
configure:2968: result: none needed
configure:3044: checking for g++
configure:3060: found /usr/bin/g++
configure:3071: result: g++
configure:3102: checking for C++ compiler version
configure:3109: g++ --version >&5
i686-apple-darwin10-g++-4.2.1 (GCC) 4.2.1 (Apple Inc. build 5664)
Copyright (C) 2007 Free Software Foundation, Inc.
This is free software; see the source for copying conditions.  There is NO
warranty; not even for MERCHANTABILITY or FITNESS FOR A PARTICULAR PURPOSE.

configure:3112: $? = 0
configure:3119: g++ -v >&5
Using built-in specs.
Target: i686-apple-darwin10
Configured with: /var/tmp/gcc/gcc-5664~89/src/configure --disable-checking --enable-werror --prefix=/usr --mandir=/share/man --enable-languages=c,objc,c++,obj-c++ --program-transform-name=/^[cg][^.-]*$/s/$/-4.2/ --with-slibdir=/usr/lib --build=i686-apple-darwin10 --program-prefix=i686-apple-darwin10- --host=x86_64-apple-darwin10 --target=i686-apple-darwin10 --with-gxx-include-dir=/include/c++/4.2.1
Thread model: posix
gcc version 4.2.1 (Apple Inc. build 5664)
configure:3122: $? = 0
configure:3129: g++ -V >&5
g++-4.2: argument to `-V' is missing
configure:3132: $? = 1
configure:3135: checking whether we are using the GNU C++ compiler
configure:3164: g++ -c   conftest.cpp >&5
configure:3170: $? = 0
configure:3187: result: yes
configure:3192: checking whether g++ accepts -g
configure:3222: g++ -c -g  conftest.cpp >&5
configure:3228: $? = 0
configure:3327: result: yes
configure:3427: PTLib version is 2.6.7
configure:3604: checking build system type
configure:3622: result: i686-apple-darwin10.8.0
configure:3644: checking host system type
configure:3659: result: i686-apple-darwin10.8.0
configure:3681: checking target system type
configure:3696: result: i686-apple-darwin10.8.0
configure:4236: checking for swab
configure:4292: g++ -o conftest -g -O2   conftest.cpp  >&5
configure:4298: $? = 0
configure:4315: result: yes
configure:4775: OSTYPE set to Darwin
configure:4777: OSRELEASE set to 1008
configure:4779: MACHTYPE set to x86
configure:4829: gcc version is 4.2.1
configure:4835: checking checking if pragma implementation should be used
configure:4847: result: no
configure:4851: checking checking if precompiled headers available
configure:4864: result: yes
configure:5775: Default extension for C++ files is cpp
configure:5785: checking if linker accepts -felide-constructors
configure:5792: result: yes
configure:5800: checking if linker accepts -Wreorder
configure:5807: result: yes
configure:5817: checking if debug build accepts -g3 -ggdb -O0
configure:5824: result: yes
configure:5844: checking if compiler uses RTTI by default
configure:5873: g++ -c -g -O2  conftest.cpp >&5
configure:5879: $? = 0
configure:5894: result: yes
configure:5909: checking for int
configure:5939: g++ -c -g -O2  conftest.cpp >&5
configure:5945: $? = 0
configure:5960: result: yes
configure:5967: checking size of int
configure:6269: g++ -o conftest -g -O2   conftest.cpp  >&5
configure:6272: $? = 0
configure:6278: ./conftest
configure:6281: $? = 0
configure:6304: result: 4
configure:6318: checking for long double with more range or precision than double
configure:6363: g++ -c -g -O2  conftest.cpp >&5
configure:6369: $? = 0
configure:6384: result: yes
configure:6417: checking for flex
configure:6435: found /usr/bin/flex
configure:6447: result: /usr/bin/flex
configure:6504: checking for ar
configure:6520: found /usr/bin/ar
configure:6531: result: ar
configure:6658: checking for bison
configure:6676: found /usr/bin/bison
configure:6688: result: /usr/bin/bison
configure:6702: checking if readdir_r has 2 parms
configure:6726: g++ -c -g -O2  conftest.cpp >&5
/usr/include/dirent.h: In function 'int main()':
/usr/include/dirent.h:125: error: too few arguments to function 'int readdir_r(DIR*, dirent*, dirent**)'
conftest.cpp:24: error: at this point in file
configure:6732: $? = 1
configure: failed program was:
| /* confdefs.h.  */
| #define PACKAGE_NAME ""
| #define PACKAGE_TARNAME ""
| #define PACKAGE_VERSION ""
| #define PACKAGE_STRING ""
| #define PACKAGE_BUGREPORT ""
| #define PTLIB_MAJOR 2
| #define PTLIB_MINOR 6
| #define PTLIB_BUILD 7
| #define PTLIB_VERSION "2.6.7"
| #define P_PTHREADS 1
| #define USE_SYSTEM_SWAB
| #define P_MACOSX 1008
| #define P_SHAREDLIBEXT $SHAREDLIBEXT
| #define SIZEOF_INT 4
| #define HAVE_LONG_DOUBLE_WIDER 1
| #define HAVE_LONG_DOUBLE 1
| /* end confdefs.h.  */
| #define _POSIX_PTHREAD_SEMANTICS
|                 #include <dirent.h>
| int
| main ()
| {
| DIR *s; struct dirent * e; readdir_r(s, e);
|   ;
|   return 0;
| }
configure:6750: result: no
configure:6752: checking if readdir_r has 3 parms
configure:6775: g++ -c -g -O2  conftest.cpp >&5
configure:6781: $? = 0
configure:6796: result: yes
configure:6822: PTRACE and all trace logging included
configure:6839: Using ANSI C++ bool for PBoolean: (PFalse=false PTrue=true)
configure:6850: checking for recvmsg
configure:6875: g++ -c -g -O2  conftest.cpp >&5
conftest.cpp: In function 'int main()':
conftest.cpp:27: error: 'SOL_IP' was not declared in this scope
conftest.cpp:27: error: 'IP_PKTINFO' was not declared in this scope
configure:6881: $? = 1
configure: failed program was:
| /* confdefs.h.  */
| #define PACKAGE_NAME ""
| #define PACKAGE_TARNAME ""
| #define PACKAGE_VERSION ""
| #define PACKAGE_STRING ""
| #define PACKAGE_BUGREPORT ""
| #define PTLIB_MAJOR 2
| #define PTLIB_MINOR 6
| #define PTLIB_BUILD 7
| #define PTLIB_VERSION "2.6.7"
| #define P_PTHREADS 1
| #define USE_SYSTEM_SWAB
| #define P_MACOSX 1008
| #define P_SHAREDLIBEXT $SHAREDLIBEXT
| #define SIZEOF_INT 4
| #define HAVE_LONG_DOUBLE_WIDER 1
| #define HAVE_LONG_DOUBLE 1
| #define P_HAS_POSIX_READDIR_R 3
| #define P_USE_STANDARD_CXX_BOOL 1
| /* end confdefs.h.  */
| #include <sys/types.h>
|                 #include <sys/socket.h>
|                 #include <netinet/in.h>
| int
| main ()
| {
| int t = SOL_IP; t = IP_PKTINFO; struct msghdr *msg; recvmsg(0, msg, 0);
|   ;
|   return 0;
| }
configure:6903: result: no
configure:6909: checking if using STL streams
configure:6932: g++ -c -g -O2  conftest.cpp >&5
configure:6938: $? = 0
configure:6953: result: yes
configure:6973: checking if atomic integer available
configure:7000: g++ -c -g -O2  conftest.cpp >&5
conftest.cpp:22:28: error: bits/atomicity.h: No such file or directory
conftest.cpp: In function 'int main()':
conftest.cpp:26: error: '_Atomic_word' was not declared in this scope
conftest.cpp:26: error: expected `;' before 'val'
configure:7006: $? = 1
configure: failed program was:
| /* confdefs.h.  */
| #define PACKAGE_NAME ""
| #define PACKAGE_TARNAME ""
| #define PACKAGE_VERSION ""
| #define PACKAGE_STRING ""
| #define PACKAGE_BUGREPORT ""
| #define PTLIB_MAJOR 2
| #define PTLIB_MINOR 6
| #define PTLIB_BUILD 7
| #define PTLIB_VERSION "2.6.7"
| #define P_PTHREADS 1
| #define USE_SYSTEM_SWAB
| #define P_MACOSX 1008
| #define P_SHAREDLIBEXT $SHAREDLIBEXT
| #define SIZEOF_INT 4
| #define HAVE_LONG_DOUBLE_WIDER 1
| #define HAVE_LONG_DOUBLE 1
| #define P_HAS_POSIX_READDIR_R 3
| #define P_USE_STANDARD_CXX_BOOL 1
| #define P_HAS_STL_STREAMS 1
| /* end confdefs.h.  */
| #include <bits/atomicity.h>
| int
| main ()
| {
| _Atomic_word val;
|   ;
|   return 0;
| }
configure:7037: g++ -c -g -O2  conftest.cpp >&5
configure:7043: $? = 0
configure:7062: result: yes
configure:7064: checking if __exchange_and_add is in __gnu_cxx namespace
configure:7131: g++ -c -g -O2  conftest.cpp >&5
configure:7137: $? = 0
configure:7153: result: yes
configure:7255: g++ -c -g -O2  conftest.cpp >&5
configure:7261: $? = 0
configure:7275: checking if named semaphores are available
configure:7282: result: yes
configure:7301: checking for pthread_create in -lpthread
configure:7336: g++ -o conftest -g -O2   conftest.cpp -lpthread   >&5
configure:7342: $? = 0
configure:7360: result: yes
configure:7387: checking for clock_gettime in -lrt
configure:7422: g++ -o conftest -g -O2   conftest.cpp -lrt   >&5
ld: library not found for -lrt
collect2: ld returned 1 exit status
configure:7428: $? = 1
configure: failed program was:
| /* confdefs.h.  */
| #define PACKAGE_NAME ""
| #define PACKAGE_TARNAME ""
| #define PACKAGE_VERSION ""
| #define PACKAGE_STRING ""
| #define PACKAGE_BUGREPORT ""
| #define PTLIB_MAJOR 2
| #define PTLIB_MINOR 6
| #define PTLIB_BUILD 7
| #define PTLIB_VERSION "2.6.7"
| #define P_PTHREADS 1
| #define USE_SYSTEM_SWAB
| #define P_MACOSX 1008
| #define P_SHAREDLIBEXT $SHAREDLIBEXT
| #define SIZEOF_INT 4
| #define HAVE_LONG_DOUBLE_WIDER 1
| #define HAVE_LONG_DOUBLE 1
| #define P_HAS_POSIX_READDIR_R 3
| #define P_USE_STANDARD_CXX_BOOL 1
| #define P_HAS_STL_STREAMS 1
| #define P_HAS_ATOMIC_INT 1
| #define P_NEEDS_GNU_CXX_NAMESPACE 1
| #define P_HAS_NAMED_SEMAPHORES 1
| /* end confdefs.h.  */
| 
| /* Override any GCC internal prototype to avoid an error.
|    Use char because int might match the return type of a GCC
|    builtin and then its argument prototype would still apply.  */
| #ifdef __cplusplus
| extern "C"
| #endif
| char clock_gettime ();
| int
| main ()
| {
| return clock_gettime ();
|   ;
|   return 0;
| }
configure:7446: result: no
configure:7467: checking if pthread_mutex_timedlock is available
configure:7490: g++ -c -g -O2  conftest.cpp >&5
conftest.cpp: In function 'int main()':
conftest.cpp:29: error: 'pthread_mutex_timedlock' was not declared in this scope
configure:7496: $? = 1
configure: failed program was:
| /* confdefs.h.  */
| #define PACKAGE_NAME ""
| #define PACKAGE_TARNAME ""
| #define PACKAGE_VERSION ""
| #define PACKAGE_STRING ""
| #define PACKAGE_BUGREPORT ""
| #define PTLIB_MAJOR 2
| #define PTLIB_MINOR 6
| #define PTLIB_BUILD 7
| #define PTLIB_VERSION "2.6.7"
| #define P_PTHREADS 1
| #define USE_SYSTEM_SWAB
| #define P_MACOSX 1008
| #define P_SHAREDLIBEXT $SHAREDLIBEXT
| #define SIZEOF_INT 4
| #define HAVE_LONG_DOUBLE_WIDER 1
| #define HAVE_LONG_DOUBLE 1
| #define P_HAS_POSIX_READDIR_R 3
| #define P_USE_STANDARD_CXX_BOOL 1
| #define P_HAS_STL_STREAMS 1
| #define P_HAS_ATOMIC_INT 1
| #define P_NEEDS_GNU_CXX_NAMESPACE 1
| #define P_HAS_NAMED_SEMAPHORES 1
| /* end confdefs.h.  */
| #include <pthread.h>
| int
| main ()
| {
| pthread_mutex_timedlock(NULL, NULL);
|   ;
|   return 0;
| }
configure:7519: result: no
configure:7523: checking for sem_timedwait in -lpthread
configure:7558: g++ -o conftest -g -O2   conftest.cpp -lpthread   >&5
Undefined symbols:
  "_sem_timedwait", referenced from:
      _main in ccOhFblu.o
ld: symbol(s) not found
collect2: ld returned 1 exit status
configure:7564: $? = 1
configure: failed program was:
| /* confdefs.h.  */
| #define PACKAGE_NAME ""
| #define PACKAGE_TARNAME ""
| #define PACKAGE_VERSION ""
| #define PACKAGE_STRING ""
| #define PACKAGE_BUGREPORT ""
| #define PTLIB_MAJOR 2
| #define PTLIB_MINOR 6
| #define PTLIB_BUILD 7
| #define PTLIB_VERSION "2.6.7"
| #define P_PTHREADS 1
| #define USE_SYSTEM_SWAB
| #define P_MACOSX 1008
| #define P_SHAREDLIBEXT $SHAREDLIBEXT
| #define SIZEOF_INT 4
| #define HAVE_LONG_DOUBLE_WIDER 1
| #define HAVE_LONG_DOUBLE 1
| #define P_HAS_POSIX_READDIR_R 3
| #define P_USE_STANDARD_CXX_BOOL 1
| #define P_HAS_STL_STREAMS 1
| #define P_HAS_ATOMIC_INT 1
| #define P_NEEDS_GNU_CXX_NAMESPACE 1
| #define P_HAS_NAMED_SEMAPHORES 1
| /* end confdefs.h.  */
| 
| /* Override any GCC internal prototype to avoid an error.
|    Use char because int might match the return type of a GCC
|    builtin and then its argument prototype would still apply.  */
| #ifdef __cplusplus
| extern "C"
| #endif
| char sem_timedwait ();
| int
| main ()
| {
| return sem_timedwait ();
|   ;
|   return 0;
| }
configure:7582: result: no
configure:7650: checking if recursive mutexes are available
configure:7673: g++ -c -g -O2  conftest.cpp >&5
conftest.cpp: In function 'int main()':
conftest.cpp:29: error: 'PTHREAD_MUTEX_RECURSIVE_NP' was not declared in this scope
configure:7679: $? = 1
configure: failed program was:
| /* confdefs.h.  */
| #define PACKAGE_NAME ""
| #define PACKAGE_TARNAME ""
| #define PACKAGE_VERSION ""
| #define PACKAGE_STRING ""
| #define PACKAGE_BUGREPORT ""
| #define PTLIB_MAJOR 2
| #define PTLIB_MINOR 6
| #define PTLIB_BUILD 7
| #define PTLIB_VERSION "2.6.7"
| #define P_PTHREADS 1
| #define USE_SYSTEM_SWAB
| #define P_MACOSX 1008
| #define P_SHAREDLIBEXT $SHAREDLIBEXT
| #define SIZEOF_INT 4
| #define HAVE_LONG_DOUBLE_WIDER 1
| #define HAVE_LONG_DOUBLE 1
| #define P_HAS_POSIX_READDIR_R 3
| #define P_USE_STANDARD_CXX_BOOL 1
| #define P_HAS_STL_STREAMS 1
| #define P_HAS_ATOMIC_INT 1
| #define P_NEEDS_GNU_CXX_NAMESPACE 1
| #define P_HAS_NAMED_SEMAPHORES 1
| /* end confdefs.h.  */
| #include <pthread.h>
| int
| main ()
| {
| pthread_mutexattr_t attr; pthread_mutexattr_settype(&attr, PTHREAD_MUTEX_RECURSIVE_NP);
|   ;
|   return 0;
| }
configure:7718: g++ -c -g -O2  conftest.cpp >&5
configure:7724: $? = 0
configure:7739: result: PTHREAD_MUTEX_RECURSIVE
configure:7768: checking regex.h usability
configure:7785: g++ -c -g -O2  conftest.cpp >&5
configure:7791: $? = 0
configure:7805: result: yes
configure:7809: checking regex.h presence
configure:7824:   conftest.cpp
./configure: line 7825: conftest.cpp: command not found
configure:7830: $? = 127
configure: failed program was:
| /* confdefs.h.  */
| #define PACKAGE_NAME ""
| #define PACKAGE_TARNAME ""
| #define PACKAGE_VERSION ""
| #define PACKAGE_STRING ""
| #define PACKAGE_BUGREPORT ""
| #define PTLIB_MAJOR 2
| #define PTLIB_MINOR 6
| #define PTLIB_BUILD 7
| #define PTLIB_VERSION "2.6.7"
| #define P_PTHREADS 1
| #define USE_SYSTEM_SWAB
| #define P_MACOSX 1008
| #define P_SHAREDLIBEXT $SHAREDLIBEXT
| #define SIZEOF_INT 4
| #define HAVE_LONG_DOUBLE_WIDER 1
| #define HAVE_LONG_DOUBLE 1
| #define P_HAS_POSIX_READDIR_R 3
| #define P_USE_STANDARD_CXX_BOOL 1
| #define P_HAS_STL_STREAMS 1
| #define P_HAS_ATOMIC_INT 1
| #define P_NEEDS_GNU_CXX_NAMESPACE 1
| #define P_HAS_NAMED_SEMAPHORES 1
| #define P_HAS_RECURSIVE_MUTEX 2
| /* end confdefs.h.  */
| #include <regex.h>
configure:7844: result: no
configure:7850: WARNING: regex.h: accepted by the compiler, rejected by the preprocessor!
configure:7852: WARNING: regex.h: proceeding with the compiler's result
configure:7872: checking for regex.h
configure:7880: result: yes
configure:7904: checking for regcomp
configure:7960: g++ -o conftest -g -O2   conftest.cpp  >&5
configure:7966: $? = 0
configure:7983: result: yes
configure:8084: checking dlfcn.h usability
configure:8101: g++ -c -g -O2  conftest.cpp >&5
configure:8107: $? = 0
configure:8121: result: yes
configure:8125: checking dlfcn.h presence
configure:8140:   conftest.cpp
./configure: line 8141: conftest.cpp: command not found
configure:8146: $? = 127
configure: failed program was:
| /* confdefs.h.  */
| #define PACKAGE_NAME ""
| #define PACKAGE_TARNAME ""
| #define PACKAGE_VERSION ""
| #define PACKAGE_STRING ""
| #define PACKAGE_BUGREPORT ""
| #define PTLIB_MAJOR 2
| #define PTLIB_MINOR 6
| #define PTLIB_BUILD 7
| #define PTLIB_VERSION "2.6.7"
| #define P_PTHREADS 1
| #define USE_SYSTEM_SWAB
| #define P_MACOSX 1008
| #define P_SHAREDLIBEXT $SHAREDLIBEXT
| #define SIZEOF_INT 4
| #define HAVE_LONG_DOUBLE_WIDER 1
| #define HAVE_LONG_DOUBLE 1
| #define P_HAS_POSIX_READDIR_R 3
| #define P_USE_STANDARD_CXX_BOOL 1
| #define P_HAS_STL_STREAMS 1
| #define P_HAS_ATOMIC_INT 1
| #define P_NEEDS_GNU_CXX_NAMESPACE 1
| #define P_HAS_NAMED_SEMAPHORES 1
| #define P_HAS_RECURSIVE_MUTEX 2
| #define HAVE_REGEX_H 1
| #define P_REGEX 1
| /* end confdefs.h.  */
| #include <dlfcn.h>
configure:8160: result: no
configure:8166: WARNING: dlfcn.h: accepted by the compiler, rejected by the preprocessor!
configure:8168: WARNING: dlfcn.h: proceeding with the compiler's result
configure:8188: checking for dlfcn.h
configure:8196: result: yes
configure:8212: checking if dlopen is available
configure:8241: gcc -c -g -O2  conftest.c >&5
configure:8247: $? = 0
configure:8265: result: yes
configure:8269: checking for dlopen in -lc
configure:8304: gcc -o conftest -g -O2   conftest.c -lc   >&5
configure:8310: $? = 0
configure:8328: result: yes
configure:8432: checking enable plugin support
configure:8470: result: yes
configure:8482: checking where plugins are being installed
configure:8505: result: /usr/lib/ptlib-2.6.7
configure:8521: checking enable samples build
configure:8563: result: no
configure:8592: checking how to run the C preprocessor
configure:8632: gcc -E  conftest.c
configure:8638: $? = 0
configure:8669: gcc -E  conftest.c
conftest.c:32:28: error: ac_nonexistent.h: No such file or directory
configure:8675: $? = 1
configure: failed program was:
| /* confdefs.h.  */
| #define PACKAGE_NAME ""
| #define PACKAGE_TARNAME ""
| #define PACKAGE_VERSION ""
| #define PACKAGE_STRING ""
| #define PACKAGE_BUGREPORT ""
| #define PTLIB_MAJOR 2
| #define PTLIB_MINOR 6
| #define PTLIB_BUILD 7
| #define PTLIB_VERSION "2.6.7"
| #define P_PTHREADS 1
| #define USE_SYSTEM_SWAB
| #define P_MACOSX 1008
| #define P_SHAREDLIBEXT $SHAREDLIBEXT
| #define SIZEOF_INT 4
| #define HAVE_LONG_DOUBLE_WIDER 1
| #define HAVE_LONG_DOUBLE 1
| #define P_HAS_POSIX_READDIR_R 3
| #define P_USE_STANDARD_CXX_BOOL 1
| #define P_HAS_STL_STREAMS 1
| #define P_HAS_ATOMIC_INT 1
| #define P_NEEDS_GNU_CXX_NAMESPACE 1
| #define P_HAS_NAMED_SEMAPHORES 1
| #define P_HAS_RECURSIVE_MUTEX 2
| #define HAVE_REGEX_H 1
| #define P_REGEX 1
| #define HAVE_DLFCN_H 1
| #define P_DYNALINK 1
| #define P_PLUGINS 1
| #define P_DEFAULT_PLUGIN_DIR "/usr/lib/ptlib-2.6.7"
| /* end confdefs.h.  */
| #include <ac_nonexistent.h>
configure:8708: result: gcc -E
configure:8737: gcc -E  conftest.c
configure:8743: $? = 0
configure:8774: gcc -E  conftest.c
conftest.c:32:28: error: ac_nonexistent.h: No such file or directory
configure:8780: $? = 1
configure: failed program was:
| /* confdefs.h.  */
| #define PACKAGE_NAME ""
| #define PACKAGE_TARNAME ""
| #define PACKAGE_VERSION ""
| #define PACKAGE_STRING ""
| #define PACKAGE_BUGREPORT ""
| #define PTLIB_MAJOR 2
| #define PTLIB_MINOR 6
| #define PTLIB_BUILD 7
| #define PTLIB_VERSION "2.6.7"
| #define P_PTHREADS 1
| #define USE_SYSTEM_SWAB
| #define P_MACOSX 1008
| #define P_SHAREDLIBEXT $SHAREDLIBEXT
| #define SIZEOF_INT 4
| #define HAVE_LONG_DOUBLE_WIDER 1
| #define HAVE_LONG_DOUBLE 1
| #define P_HAS_POSIX_READDIR_R 3
| #define P_USE_STANDARD_CXX_BOOL 1
| #define P_HAS_STL_STREAMS 1
| #define P_HAS_ATOMIC_INT 1
| #define P_NEEDS_GNU_CXX_NAMESPACE 1
| #define P_HAS_NAMED_SEMAPHORES 1
| #define P_HAS_RECURSIVE_MUTEX 2
| #define HAVE_REGEX_H 1
| #define P_REGEX 1
| #define HAVE_DLFCN_H 1
| #define P_DYNALINK 1
| #define P_PLUGINS 1
| #define P_DEFAULT_PLUGIN_DIR "/usr/lib/ptlib-2.6.7"
| /* end confdefs.h.  */
| #include <ac_nonexistent.h>
configure:8822: checking for res_ninit
configure:8878: gcc -o conftest -g -O2   conftest.c  >&5
Undefined symbols:
  "_res_ninit", referenced from:
      _main in ccLRYvK4.o
ld: symbol(s) not found
collect2: ld returned 1 exit status
configure:8884: $? = 1
configure: failed program was:
| /* confdefs.h.  */
| #define PACKAGE_NAME ""
| #define PACKAGE_TARNAME ""
| #define PACKAGE_VERSION ""
| #define PACKAGE_STRING ""
| #define PACKAGE_BUGREPORT ""
| #define PTLIB_MAJOR 2
| #define PTLIB_MINOR 6
| #define PTLIB_BUILD 7
| #define PTLIB_VERSION "2.6.7"
| #define P_PTHREADS 1
| #define USE_SYSTEM_SWAB
| #define P_MACOSX 1008
| #define P_SHAREDLIBEXT $SHAREDLIBEXT
| #define SIZEOF_INT 4
| #define HAVE_LONG_DOUBLE_WIDER 1
| #define HAVE_LONG_DOUBLE 1
| #define P_HAS_POSIX_READDIR_R 3
| #define P_USE_STANDARD_CXX_BOOL 1
| #define P_HAS_STL_STREAMS 1
| #define P_HAS_ATOMIC_INT 1
| #define P_NEEDS_GNU_CXX_NAMESPACE 1
| #define P_HAS_NAMED_SEMAPHORES 1
| #define P_HAS_RECURSIVE_MUTEX 2
| #define HAVE_REGEX_H 1
| #define P_REGEX 1
| #define HAVE_DLFCN_H 1
| #define P_DYNALINK 1
| #define P_PLUGINS 1
| #define P_DEFAULT_PLUGIN_DIR "/usr/lib/ptlib-2.6.7"
| /* end confdefs.h.  */
| /* Define res_ninit to an innocuous variant, in case <limits.h> declares res_ninit.
|    For example, HP-UX 11i <limits.h> declares gettimeofday.  */
| #define res_ninit innocuous_res_ninit
| 
| /* System header to define __stub macros and hopefully few prototypes,
|     which can conflict with char res_ninit (); below.
|     Prefer <limits.h> to <assert.h> if __STDC__ is defined, since
|     <limits.h> exists even on freestanding compilers.  */
| 
| #ifdef __STDC__
| # include <limits.h>
| #else
| # include <assert.h>
| #endif
| 
| #undef res_ninit
| 
| /* Override any GCC internal prototype to avoid an error.
|    Use char because int might match the return type of a GCC
|    builtin and then its argument prototype would still apply.  */
| #ifdef __cplusplus
| extern "C"
| #endif
| char res_ninit ();
| /* The GNU C library defines this for functions which it implements
|     to always fail with ENOSYS.  Some functions are actually named
|     something starting with __ and the normal name is an alias.  */
| #if defined __stub_res_ninit || defined __stub___res_ninit
| choke me
| #endif
| 
| int
| main ()
| {
| return res_ninit ();
|   ;
|   return 0;
| }
configure:8901: result: no
configure:8912: checking for res_ninit in -lresolv
configure:8931: gcc -o conftest -g -O2   conftest.c  -lresolv >&5
configure:8937: $? = 0
configure:8958: result: yes
configure:9458: checking for sasl_version in -lsasl2
configure:9493: gcc -o conftest -g -O2   conftest.c -lsasl2   >&5
configure:9499: $? = 0
configure:9517: result: yes
configure:9525: checking for sasl_client_out in -lsasl
configure:9560: gcc -o conftest -g -O2   conftest.c -lsasl   >&5
ld: library not found for -lsasl
collect2: ld returned 1 exit status
configure:9566: $? = 1
configure: failed program was:
| /* confdefs.h.  */
| #define PACKAGE_NAME ""
| #define PACKAGE_TARNAME ""
| #define PACKAGE_VERSION ""
| #define PACKAGE_STRING ""
| #define PACKAGE_BUGREPORT ""
| #define PTLIB_MAJOR 2
| #define PTLIB_MINOR 6
| #define PTLIB_BUILD 7
| #define PTLIB_VERSION "2.6.7"
| #define P_PTHREADS 1
| #define USE_SYSTEM_SWAB
| #define P_MACOSX 1008
| #define P_SHAREDLIBEXT $SHAREDLIBEXT
| #define SIZEOF_INT 4
| #define HAVE_LONG_DOUBLE_WIDER 1
| #define HAVE_LONG_DOUBLE 1
| #define P_HAS_POSIX_READDIR_R 3
| #define P_USE_STANDARD_CXX_BOOL 1
| #define P_HAS_STL_STREAMS 1
| #define P_HAS_ATOMIC_INT 1
| #define P_NEEDS_GNU_CXX_NAMESPACE 1
| #define P_HAS_NAMED_SEMAPHORES 1
| #define P_HAS_RECURSIVE_MUTEX 2
| #define HAVE_REGEX_H 1
| #define P_REGEX 1
| #define HAVE_DLFCN_H 1
| #define P_DYNALINK 1
| #define P_PLUGINS 1
| #define P_DEFAULT_PLUGIN_DIR "/usr/lib/ptlib-2.6.7"
| #define P_DNS 1
| #define P_HAS_RES_NINIT 1
| /* end confdefs.h.  */
| 
| /* Override any GCC internal prototype to avoid an error.
|    Use char because int might match the return type of a GCC
|    builtin and then its argument prototype would still apply.  */
| #ifdef __cplusplus
| extern "C"
| #endif
| char sasl_client_out ();
| int
| main ()
| {
| return sasl_client_out ();
|   ;
|   return 0;
| }
configure:9584: result: no
configure:9595: checking if <sasl.h> works
configure:9610: gcc -c -g -O2  conftest.c >&5
conftest.c:2:48: error: sasl.h: No such file or directory
conftest.c: In function 'main':
conftest.c:4: error: 'SASL_LOG_PASS' undeclared (first use in this function)
conftest.c:4: error: (Each undeclared identifier is reported only once
conftest.c:4: error: for each function it appears in.)
configure:9616: $? = 1
configure: failed program was:
| 
|                               #include <sasl.h>
|                               int main(int argc,char **argv)
|                               { int v = SASL_LOG_PASS; }
| 
configure:9632: result: no
configure:9640: checking if <sasl/sasl.h> works
configure:9654: gcc -c -g -O2  conftest.c >&5
configure:9660: $? = 0
configure:9666: result: yes
configure:9720: checking for mlib_VideoColorJFIFYCC2RGB420_Nearest in -lmlib
configure:9755: gcc -o conftest -g -O2   conftest.c -lmlib   >&5
ld: library not found for -lmlib
collect2: ld returned 1 exit status
configure:9761: $? = 1
configure: failed program was:
| /* confdefs.h.  */
| #define PACKAGE_NAME ""
| #define PACKAGE_TARNAME ""
| #define PACKAGE_VERSION ""
| #define PACKAGE_STRING ""
| #define PACKAGE_BUGREPORT ""
| #define PTLIB_MAJOR 2
| #define PTLIB_MINOR 6
| #define PTLIB_BUILD 7
| #define PTLIB_VERSION "2.6.7"
| #define P_PTHREADS 1
| #define USE_SYSTEM_SWAB
| #define P_MACOSX 1008
| #define P_SHAREDLIBEXT $SHAREDLIBEXT
| #define SIZEOF_INT 4
| #define HAVE_LONG_DOUBLE_WIDER 1
| #define HAVE_LONG_DOUBLE 1
| #define P_HAS_POSIX_READDIR_R 3
| #define P_USE_STANDARD_CXX_BOOL 1
| #define P_HAS_STL_STREAMS 1
| #define P_HAS_ATOMIC_INT 1
| #define P_NEEDS_GNU_CXX_NAMESPACE 1
| #define P_HAS_NAMED_SEMAPHORES 1
| #define P_HAS_RECURSIVE_MUTEX 2
| #define HAVE_REGEX_H 1
| #define P_REGEX 1
| #define HAVE_DLFCN_H 1
| #define P_DYNALINK 1
| #define P_PLUGINS 1
| #define P_DEFAULT_PLUGIN_DIR "/usr/lib/ptlib-2.6.7"
| #define P_DNS 1
| #define P_HAS_RES_NINIT 1
| #define P_HAS_SASL_SASL_H 1
| #define P_SASL2 1
| /* end confdefs.h.  */
| 
| /* Override any GCC internal prototype to avoid an error.
|    Use char because int might match the return type of a GCC
|    builtin and then its argument prototype would still apply.  */
| #ifdef __cplusplus
| extern "C"
| #endif
| char mlib_VideoColorJFIFYCC2RGB420_Nearest ();
| int
| main ()
| {
| return mlib_VideoColorJFIFYCC2RGB420_Nearest ();
|   ;
|   return 0;
| }
configure:9779: result: no
configure:9860: checking ldap.h usability
configure:9877: gcc -c -g -O2   conftest.c >&5
configure:9883: $? = 0
configure:9897: result: yes
configure:9901: checking ldap.h presence
configure:9916: gcc -E  conftest.c
configure:9922: $? = 0
configure:9936: result: yes
configure:9964: checking for ldap.h
configure:9972: result: yes
configure:9988: checking for ldap_open in -lldap
configure:10023: gcc -o conftest -g -O2    conftest.c -lldap   -llber -lldap_r -lresolv >&5
configure:10029: $? = 0
configure:10047: result: yes
configure:10102: checking for OPENSSL
configure:10109: $PKG_CONFIG --exists --print-errors "openssl"
configure:10112: $? = 0
configure:10125: $PKG_CONFIG --exists --print-errors "openssl"
configure:10128: $? = 0
configure:10163: result: yes
configure:10197: checking openssl/aes.h usability
configure:10214: gcc -c -g -O2 -I/opt/local/include    conftest.c >&5
configure:10220: $? = 0
configure:10234: result: yes
configure:10238: checking openssl/aes.h presence
configure:10253: gcc -E  conftest.c
configure:10259: $? = 0
configure:10273: result: yes
configure:10301: checking for openssl/aes.h
configure:10309: result: yes
configure:10351: checking for const arg to d2i_AutoPrivateKey
configure:10377: g++ -c -g -O2 -I/opt/local/include    conftest.cpp >&5
configure:10383: $? = 0
configure:10398: result: yes
configure:10483: checking expat.h usability
configure:10500: g++ -c -g -O2   conftest.cpp >&5
configure:10506: $? = 0
configure:10520: result: yes
configure:10524: checking expat.h presence
configure:10539:    conftest.cpp
./configure: line 10540: conftest.cpp: command not found
configure:10545: $? = 127
configure: failed program was:
| /* confdefs.h.  */
| #define PACKAGE_NAME ""
| #define PACKAGE_TARNAME ""
| #define PACKAGE_VERSION ""
| #define PACKAGE_STRING ""
| #define PACKAGE_BUGREPORT ""
| #define PTLIB_MAJOR 2
| #define PTLIB_MINOR 6
| #define PTLIB_BUILD 7
| #define PTLIB_VERSION "2.6.7"
| #define P_PTHREADS 1
| #define USE_SYSTEM_SWAB
| #define P_MACOSX 1008
| #define P_SHAREDLIBEXT $SHAREDLIBEXT
| #define SIZEOF_INT 4
| #define HAVE_LONG_DOUBLE_WIDER 1
| #define HAVE_LONG_DOUBLE 1
| #define P_HAS_POSIX_READDIR_R 3
| #define P_USE_STANDARD_CXX_BOOL 1
| #define P_HAS_STL_STREAMS 1
| #define P_HAS_ATOMIC_INT 1
| #define P_NEEDS_GNU_CXX_NAMESPACE 1
| #define P_HAS_NAMED_SEMAPHORES 1
| #define P_HAS_RECURSIVE_MUTEX 2
| #define HAVE_REGEX_H 1
| #define P_REGEX 1
| #define HAVE_DLFCN_H 1
| #define P_DYNALINK 1
| #define P_PLUGINS 1
| #define P_DEFAULT_PLUGIN_DIR "/usr/lib/ptlib-2.6.7"
| #define P_DNS 1
| #define P_HAS_RES_NINIT 1
| #define P_HAS_SASL_SASL_H 1
| #define P_SASL2 1
| #define HAVE_LDAP_H 1
| #define P_LDAP 1
| #define P_OSSL 1
| #define HAVE_OPENSSL_AES_H 1
| #define P_OSSL_AES 1
| #define P_SSL_USE_CONST 1
| /* end confdefs.h.  */
| #include <expat.h>
configure:10559: result: no
configure:10565: WARNING: expat.h: accepted by the compiler, rejected by the preprocessor!
configure:10567: WARNING: expat.h: proceeding with the compiler's result
configure:10587: checking for expat.h
configure:10595: result: yes
configure:10611: checking for XML_ParserCreate in -lexpat
configure:10646: g++ -o conftest -g -O2    conftest.cpp -lexpat    >&5
configure:10652: $? = 0
configure:10670: result: yes
configure:10725: checking for IPv6 support
configure:10749: g++ -c -g -O2  conftest.cpp >&5
configure:10755: $? = 0
configure:10795: g++ -c -g -O2  conftest.cpp >&5
configure:10801: $? = 0
configure:10819: result: yes
configure:10833: checking for inet_ntop
configure:10858: g++ -c -g -O2  conftest.cpp >&5
configure:10864: $? = 0
configure:10886: result: yes
configure:10892: checking enable config file support
configure:10930: result: yes
configure:10944: checking enable URL support
configure:10982: result: yes
configure:10996: checking enable HTTP support
configure:11034: result: yes
configure:11048: checking enable HTTP forms support
configure:11086: result: yes
configure:11101: checking enable HTTP server support
configure:11139: result: yes
configure:11153: checking enable Jabber support
configure:11191: result: yes
configure:11205: checking enable VXML support
configure:11243: result: yes
configure:11257: checking enable XMLRPC support
configure:11295: result: yes
configure:11309: checking enable SOAP support
configure:11347: result: yes
configure:11361: checking enable Text-To-Speech server support
configure:11399: result: yes
configure:11413: checking enable ASN decoding/encoding support
configure:11451: result: yes
configure:11465: checking enable STUN support
configure:11503: result: yes
configure:11517: checking enable pipechannel support
configure:11555: result: yes
configure:11569: checking enable DTMF protocol support
configure:11607: result: yes
configure:11621: checking enable WAVFILE support
configure:11659: result: yes
configure:11673: checking enable SOCKS protocol support
configure:11711: result: yes
configure:11725: checking enable FTP protocol support
configure:11763: result: yes
configure:11777: checking enable SNMP protocol support
configure:11815: result: yes
configure:11829: checking enable TELNET protocol support
configure:11867: result: yes
configure:11881: checking enable remote connection support
configure:11919: result: yes
configure:11933: checking enable serial port support
configure:11971: result: yes
configure:11985: checking enable POP3/SMTP support
configure:12023: result: yes
configure:12037: checking enable audio support
configure:12075: result: yes
configure:12091: checking enable QOS support
configure:12129: result: yes
configure:12143: checking enable video device support
configure:12181: result: yes
configure:12202: checking enable video file support
configure:12240: result: yes
configure:12254: checking enable FFMpeg video file support
configure:12292: result: yes
configure:12306: checking enable application sharing support
configure:12348: result: no
configure:12358: checking enable shared memory video devices
configure:12396: result: yes
configure:12430: checking for SDL
configure:12437: $PKG_CONFIG --exists --print-errors "sdl"
Package sdl was not found in the pkg-config search path.
Perhaps you should add the directory containing `sdl.pc'
to the PKG_CONFIG_PATH environment variable
No package 'sdl' found
configure:12440: $? = 1
configure:12453: $PKG_CONFIG --exists --print-errors "sdl"
Package sdl was not found in the pkg-config search path.
Perhaps you should add the directory containing `sdl.pc'
to the PKG_CONFIG_PATH environment variable
No package 'sdl' found
configure:12456: $? = 1
No package 'sdl' found
configure:12483: result: no
configure:13906: checking enable video for windows capture
configure:13948: result: no
configure:14047: checking sql.h usability
configure:14064: g++ -c -g -O2   conftest.cpp >&5
configure:14070: $? = 0
configure:14084: result: yes
configure:14088: checking sql.h presence
configure:14103:    conftest.cpp
./configure: line 14104: conftest.cpp: command not found
configure:14109: $? = 127
configure: failed program was:
| /* confdefs.h.  */
| #define PACKAGE_NAME ""
| #define PACKAGE_TARNAME ""
| #define PACKAGE_VERSION ""
| #define PACKAGE_STRING ""
| #define PACKAGE_BUGREPORT ""
| #define PTLIB_MAJOR 2
| #define PTLIB_MINOR 6
| #define PTLIB_BUILD 7
| #define PTLIB_VERSION "2.6.7"
| #define P_PTHREADS 1
| #define USE_SYSTEM_SWAB
| #define P_MACOSX 1008
| #define P_SHAREDLIBEXT $SHAREDLIBEXT
| #define SIZEOF_INT 4
| #define HAVE_LONG_DOUBLE_WIDER 1
| #define HAVE_LONG_DOUBLE 1
| #define P_HAS_POSIX_READDIR_R 3
| #define P_USE_STANDARD_CXX_BOOL 1
| #define P_HAS_STL_STREAMS 1
| #define P_HAS_ATOMIC_INT 1
| #define P_NEEDS_GNU_CXX_NAMESPACE 1
| #define P_HAS_NAMED_SEMAPHORES 1
| #define P_HAS_RECURSIVE_MUTEX 2
| #define HAVE_REGEX_H 1
| #define P_REGEX 1
| #define HAVE_DLFCN_H 1
| #define P_DYNALINK 1
| #define P_PLUGINS 1
| #define P_DEFAULT_PLUGIN_DIR "/usr/lib/ptlib-2.6.7"
| #define P_DNS 1
| #define P_HAS_RES_NINIT 1
| #define P_HAS_SASL_SASL_H 1
| #define P_SASL2 1
| #define HAVE_LDAP_H 1
| #define P_LDAP 1
| #define P_OSSL 1
| #define HAVE_OPENSSL_AES_H 1
| #define P_OSSL_AES 1
| #define P_SSL_USE_CONST 1
| #define HAVE_EXPAT_H 1
| #define P_OEXPAT 1
| #define P_HAS_IPV6 1
| #define P_HAS_INET_NTOP 1
| #define P_CONFIG_FILE 1
| #define P_URL 1
| #define P_HTTP 1
| #define P_HTTPFORMS 1
| #define P_HTTPSVC 1
| #define P_JABBER 1
| #define P_VXML 1
| #define P_XMLRPC 1
| #define P_SOAP 1
| #define P_TTS 1
| #define P_ASN 1
| #define P_STUN 1
| #define P_PIPECHAN 1
| #define P_DTMF 1
| #define P_WAVFILE 1
| #define P_SOCKS 1
| #define P_FTP 1
| #define P_SNMP 1
| #define P_TELNET 1
| #define P_REMCONN 1
| #define P_SERIAL 1
| #define P_POP3SMTP 1
| #define P_AUDIO 1
| #define P_QOS 1
| #define P_VIDEO 1
| #define P_VIDFILE 1
| #define P_FFVDEV 1
| #define P_SHM_VIDEO 1
| /* end confdefs.h.  */
| #include <sql.h>
configure:14123: result: no
configure:14129: WARNING: sql.h: accepted by the compiler, rejected by the preprocessor!
configure:14131: WARNING: sql.h: proceeding with the compiler's result
configure:14151: checking for sql.h
configure:14159: result: yes
configure:14175: checking for SQLAllocStmt in -lodbc
configure:14210: g++ -o conftest -g -O2    conftest.cpp -lodbc    >&5
configure:14216: $? = 0
configure:14234: result: yes
configure:14267: ODBC support enabled
configure:14289: checking enable C++ exceptions
configure:14331: result: no
configure:14778: checking for a BSD-compatible install
configure:14834: result: /opt/local/bin/ginstall -c
configure:14960: creating ./config.status

## ---------------------- ##
## Running config.status. ##
## ---------------------- ##

This file was extended by config.status, which was
generated by GNU Autoconf 2.61.  Invocation command line was

  CONFIG_FILES    = 
  CONFIG_HEADERS  = 
  CONFIG_LINKS    = 
  CONFIG_COMMANDS = 
  $ ./config.status 

on Sameer-Sethis-MacBook-Pro.local

config.status:736: creating make/ptbuildopts.mak
config.status:736: creating make/ptlib-config
config.status:736: creating Makefile
config.status:736: creating ptlib_cfg.dxy
config.status:736: creating ptlib.pc
config.status:736: creating include/ptbuildopts.h
config.status:1020: include/ptbuildopts.h is unchanged
configure:16206: === configuring in plugins (/Users/Sameer/Sandbox/ptlib-2.6.7/plugins)
configure:16309: running /bin/sh ./configure '--prefix=/usr'  --cache-file=/dev/null --srcdir=.

## ---------------- ##
## Cache variables. ##
## ---------------- ##

ac_cv_build=i686-apple-darwin10.8.0
ac_cv_c_compiler_gnu=yes
ac_cv_c_long_double=yes
ac_cv_cxx_compiler_gnu=yes
ac_cv_env_CCC_set=
ac_cv_env_CCC_value=
ac_cv_env_CC_set=
ac_cv_env_CC_value=
ac_cv_env_CFLAGS_set=
ac_cv_env_CFLAGS_value=
ac_cv_env_CPPFLAGS_set=
ac_cv_env_CPPFLAGS_value=
ac_cv_env_CPP_set=
ac_cv_env_CPP_value=
ac_cv_env_CXXCPP_set=
ac_cv_env_CXXCPP_value=
ac_cv_env_CXXFLAGS_set=
ac_cv_env_CXXFLAGS_value=
ac_cv_env_CXX_set=
ac_cv_env_CXX_value=
ac_cv_env_LDFLAGS_set=
ac_cv_env_LDFLAGS_value=
ac_cv_env_LIBS_set=
ac_cv_env_LIBS_value=
ac_cv_env_OPENSSL_CFLAGS_set=
ac_cv_env_OPENSSL_CFLAGS_value=
ac_cv_env_OPENSSL_LIBS_set=
ac_cv_env_OPENSSL_LIBS_value=
ac_cv_env_PKG_CONFIG_set=
ac_cv_env_PKG_CONFIG_value=
ac_cv_env_SDL_CFLAGS_set=
ac_cv_env_SDL_CFLAGS_value=
ac_cv_env_SDL_LIBS_set=
ac_cv_env_SDL_LIBS_value=
ac_cv_env_build_alias_set=
ac_cv_env_build_alias_value=
ac_cv_env_host_alias_set=
ac_cv_env_host_alias_value=
ac_cv_env_target_alias_set=
ac_cv_env_target_alias_value=
ac_cv_func_regcomp=yes
ac_cv_func_res_ninit=no
ac_cv_func_swab=yes
ac_cv_header_dlfcn_h=yes
ac_cv_header_expat_h=yes
ac_cv_header_ldap_h=yes
ac_cv_header_openssl_aes_h=yes
ac_cv_header_regex_h=yes
ac_cv_header_sql_h=yes
ac_cv_host=i686-apple-darwin10.8.0
ac_cv_lib_c_dlopen=yes
ac_cv_lib_expat_XML_ParserCreate=yes
ac_cv_lib_ldap_ldap_open=yes
ac_cv_lib_mlib_mlib_VideoColorJFIFYCC2RGB420_Nearest=no
ac_cv_lib_odbc_SQLAllocStmt=yes
ac_cv_lib_pthread_pthread_create=yes
ac_cv_lib_pthread_sem_timedwait=no
ac_cv_lib_rt_clock_gettime=no
ac_cv_lib_sasl2_sasl_version=yes
ac_cv_lib_sasl_sasl_client_out=no
ac_cv_objext=o
ac_cv_path_BISON=/usr/bin/bison
ac_cv_path_FLEX=/usr/bin/flex
ac_cv_path_ac_pt_PKG_CONFIG=/opt/local/bin/pkg-config
ac_cv_path_install='/opt/local/bin/ginstall -c'
ac_cv_prog_CPP='gcc -E'
ac_cv_prog_ac_ct_AR=ar
ac_cv_prog_ac_ct_CC=gcc
ac_cv_prog_ac_ct_CXX=g++
ac_cv_prog_cc_c89=
ac_cv_prog_cc_g=yes
ac_cv_prog_cxx_g=yes
ac_cv_sizeof_int=4
ac_cv_target=i686-apple-darwin10.8.0
ac_cv_type_int=yes
ac_cv_type_long_double_wider=yes
pkg_cv_OPENSSL_CFLAGS='-I/opt/local/include  '
pkg_cv_OPENSSL_LIBS='-L/opt/local/lib -lssl -lcrypto -lz  '

## ----------------- ##
## Output variables. ##
## ----------------- ##

AR='ar'
BISON='/usr/bin/bison'
BUILD_NUMBER='7'
BUILD_TYPE='.'
CC='gcc'
CFLAGS='-g -O2'
CPP='gcc -E'
CPPFLAGS=''
CXX='g++'
CXXCPP=''
CXXFLAGS='-g -O2'
DEBUG_FLAG='-g3 -ggdb -O0'
DEFS='-DHAVE_CONFIG_H'
DEV_PLUGIN_DIR='ptlib-2.6.7/devices'
ECHO_C='ECHO_N=''
ECHO_T=''
EGREP=''
ENDLDLIBS=' -lpthread -lsasl2 -lldap -llber -lldap_r -L/opt/local/lib -lssl -lcrypto -lz   -lexpat  -lodbc  -lresolv -lc'
EXEEXT=''
FLEX='/usr/bin/flex'
GREP=''
HAS_APPSHARE=''
HAS_ASN='1'
HAS_AUDIO='1'
HAS_CONFIG_FILE='1'
HAS_DIRECTSHOW=''
HAS_DIRECTSOUND=''
HAS_DTMF='1'
HAS_EXCEPTIONS=''
HAS_EXPAT='1'
HAS_FFVDEV='1'
HAS_FTP='1'
HAS_HTTP='1'
HAS_HTTPFORMS='1'
HAS_HTTPSVC='1'
HAS_IPV6='1'
HAS_JABBER='1'
HAS_ODBC='1'
HAS_OPENLDAP='1'
HAS_OPENSSL='1'
HAS_PIPECHAN='1'
HAS_PLUGINS='1'
HAS_POP3SMTP='1'
HAS_QOS='1'
HAS_REGEX='1'
HAS_REMCONN='1'
HAS_RESOLVER='1'
HAS_SAMPLES=''
HAS_SASL2='1'
HAS_SASL=''
HAS_SDL=''
HAS_SERIAL='1'
HAS_SHM_VIDEO='1'
HAS_SNMP='1'
HAS_SOAP='1'
HAS_SOCKS='1'
HAS_STUN='1'
HAS_TELNET='1'
HAS_TTS='1'
HAS_URL='1'
HAS_VFW_CAPTURE=''
HAS_VIDEO='1'
HAS_VIDEO_CAPTURE='1'
HAS_VIDFILE='1'
HAS_VXML='1'
HAS_WAVFILE='1'
HAS_XMLRPC='1'
INSTALL_DATA='${INSTALL} -m 644'
INSTALL_PROGRAM='${INSTALL}'
INSTALL_SCRIPT='${INSTALL}'
LDFLAGS=''
LIBDIR='${exec_prefix}/lib'
LIBOBJS=''
LIBS=''
LTLIBOBJS=''
MACHTYPE='x86'
MAJOR_VERSION='2'
MINOR_VERSION='6'
OBJEXT='o'
OPENSSL_CFLAGS='-I/opt/local/include  '
OPENSSL_LIBS='-L/opt/local/lib -lssl -lcrypto -lz  '
OPTSTDCCFLAGS=''
OSRELEASE='1008'
OSTYPE='Darwin'
PACKAGE_BUGREPORT=''
PACKAGE_NAME=''
PACKAGE_STRING=''
PACKAGE_TARNAME=''
PACKAGE_VERSION=''
PATH_SEPARATOR=':'
PKG_CONFIG='/opt/local/bin/pkg-config'
PTINSTDIR=''
PTLIBDIR='/Users/Sameer/Sandbox/ptlib-2.6.7'
PTLIB_ASN='yes'
PTLIB_AUDIO='yes'
PTLIB_CONFIG_FILE='yes'
PTLIB_DTMF='yes'
PTLIB_EXPAT='yes'
PTLIB_FFVDEV='yes'
PTLIB_FTP='yes'
PTLIB_HTTP='yes'
PTLIB_HTTPFORMS='yes'
PTLIB_HTTPSVC='yes'
PTLIB_IPV6='yes'
PTLIB_JABBER='yes'
PTLIB_ODBC='yes'
PTLIB_OPENLDAP='yes'
PTLIB_OPENSSL='yes'
PTLIB_OPENSSL_AES='yes'
PTLIB_PIPECHAN='yes'
PTLIB_POP3SMTP='yes'
PTLIB_REGEX='yes'
PTLIB_REMCONN='yes'
PTLIB_RESOLVER='yes'
PTLIB_SASL2='yes'
PTLIB_SASL='no'
PTLIB_SDL='no'
PTLIB_SERIAL='yes'
PTLIB_SHM_VIDEO='yes'
PTLIB_SNMP='yes'
PTLIB_SOAP='yes'
PTLIB_SOCKAGG='yes'
PTLIB_SOCKS='yes'
PTLIB_STUN='yes'
PTLIB_TELNET='yes'
PTLIB_TTS='yes'
PTLIB_URL='yes'
PTLIB_VERSION='2.6.7'
PTLIB_VIDEO='yes'
PTLIB_VIDEO_CAPTURE='yes'
PTLIB_VIDFILE='yes'
PTLIB_VXML='yes'
PTLIB_WAVFILE='yes'
PTLIB_XMLRPC='yes'
P_STATIC_ENDLDLIBS=''
P_STATIC_LDFLAGS=''
SDL_CFLAGS=''
SDL_LIBS=''
SHAREDLIBEXT='dylib'
SHELL='/bin/sh'
STDCCFLAGS=' -DPTRACING=1 -D_REENTRANT  -I/opt/local/include      -fno-exceptions'
STDCXXFLAGS=' -felide-constructors -Wreorder'
TARGETDIR='unix'
USE_GCC='yes'
USE_PCH='1'
ac_ct_CC='gcc'
ac_ct_CXX='g++'
bindir='${exec_prefix}/bin'
build='i686-apple-darwin10.8.0'
build_alias=''
build_cpu='i686'
build_os='darwin10.8.0'
build_vendor='apple'
datadir='${datarootdir}'
datarootdir='${prefix}/share'
docdir='${datarootdir}/doc/${PACKAGE}'
dvidir='${docdir}'
exec_prefix='${prefix}'
host='i686-apple-darwin10.8.0'
host_alias=''
host_cpu='i686'
host_os='darwin10.8.0'
host_vendor='apple'
htmldir='${docdir}'
includedir='${prefix}/include'
infodir='${datarootdir}/info'
libdir='${exec_prefix}/lib'
libexecdir='${exec_prefix}/libexec'
localedir='${datarootdir}/locale'
localstatedir='${prefix}/var'
mandir='${datarootdir}/man'
oldincludedir='/usr/include'
pdfdir='${docdir}'
prefix='/usr'
program_transform_name='s,x,x,'
psdir='${docdir}'
sbindir='${exec_prefix}/sbin'
sharedstatedir='${prefix}/com'
subdirs=' plugins'
sysconfdir='${prefix}/etc'
target='i686-apple-darwin10.8.0'
target_alias=''
target_cpu='i686'
target_os='darwin10.8.0'
target_vendor='apple'

## ----------- ##
## confdefs.h. ##
## ----------- ##

#define PACKAGE_NAME ""
#define PACKAGE_TARNAME ""
#define PACKAGE_VERSION ""
#define PACKAGE_STRING ""
#define PACKAGE_BUGREPORT ""
#define PTLIB_MAJOR 2
#define PTLIB_MINOR 6
#define PTLIB_BUILD 7
#define PTLIB_VERSION "2.6.7"
#define P_PTHREADS 1
#define USE_SYSTEM_SWAB
#define P_MACOSX 1008
#define P_SHAREDLIBEXT $SHAREDLIBEXT
#define SIZEOF_INT 4
#define HAVE_LONG_DOUBLE_WIDER 1
#define HAVE_LONG_DOUBLE 1
#define P_HAS_POSIX_READDIR_R 3
#define P_USE_STANDARD_CXX_BOOL 1
#define P_HAS_STL_STREAMS 1
#define P_HAS_ATOMIC_INT 1
#define P_NEEDS_GNU_CXX_NAMESPACE 1
#define P_HAS_NAMED_SEMAPHORES 1
#define P_HAS_RECURSIVE_MUTEX 2
#define HAVE_REGEX_H 1
#define P_REGEX 1
#define HAVE_DLFCN_H 1
#define P_DYNALINK 1
#define P_PLUGINS 1
#define P_DEFAULT_PLUGIN_DIR "/usr/lib/ptlib-2.6.7"
#define P_DNS 1
#define P_HAS_RES_NINIT 1
#define P_HAS_SASL_SASL_H 1
#define P_SASL2 1
#define HAVE_LDAP_H 1
#define P_LDAP 1
#define P_OSSL 1
#define HAVE_OPENSSL_AES_H 1
#define P_OSSL_AES 1
#define P_SSL_USE_CONST 1
#define HAVE_EXPAT_H 1
#define P_OEXPAT 1
#define P_HAS_IPV6 1
#define P_HAS_INET_NTOP 1
#define P_CONFIG_FILE 1
#define P_URL 1
#define P_HTTP 1
#define P_HTTPFORMS 1
#define P_HTTPSVC 1
#define P_JABBER 1
#define P_VXML 1
#define P_XMLRPC 1
#define P_SOAP 1
#define P_TTS 1
#define P_ASN 1
#define P_STUN 1
#define P_PIPECHAN 1
#define P_DTMF 1
#define P_WAVFILE 1
#define P_SOCKS 1
#define P_FTP 1
#define P_SNMP 1
#define P_TELNET 1
#define P_REMCONN 1
#define P_SERIAL 1
#define P_POP3SMTP 1
#define P_AUDIO 1
#define P_QOS 1
#define P_VIDEO 1
#define P_VIDFILE 1
#define P_FFVDEV 1
#define P_SHM_VIDEO 1
#define HAVE_SQL_H 1
#define P_ODBC 1

configure: exit 0
